ERROR   2017-11-04 10:52:15,852 [AWT-EventQueue-0] Util.DBConnection  - Failed to connect to the database
ERROR   2017-11-04 10:52:30,734 [AWT-EventQueue-0] Util.DBConnection  - Failed to connect to the database
ERROR   2017-11-04 10:52:53,782 [AWT-EventQueue-0] Util.DBConnection  - Failed to connect to the database
INFO    2017-11-04 10:52:53,791 [AWT-EventQueue-0] View.MemberMain  - Data retrieved from the table row
INFO    2017-11-04 11:08:18,606 [AWT-EventQueue-0] View.SystemLogin  - User : U001 successfully logged in to the system
ERROR   2017-11-04 11:08:29,363 [AWT-EventQueue-0] Util.DBConnection  - Failed to connect to the database
ERROR   2017-11-04 11:08:39,253 [AWT-EventQueue-0] Util.DBConnection  - Failed to connect to the database
INFO    2017-11-04 11:08:39,261 [AWT-EventQueue-0] View.MemberMain  - Data retrieved from the table row
ERROR   2017-11-04 11:08:41,688 [AWT-EventQueue-0] Util.DBConnection  - Failed to connect to the database
INFO    2017-11-04 11:08:43,958 [AWT-EventQueue-0] View.MemberMain  - Book request R009 added to the database
INFO    2017-11-04 11:10:17,476 [AWT-EventQueue-0] View.MemberMain  - ------User U001 logged out from the system------
ERROR   2017-11-04 11:11:37,114 [AWT-EventQueue-0] Util.DBConnection  - Retrying to connect to the database
INFO    2017-11-04 11:11:37,561 [AWT-EventQueue-0] View.SystemLogin  - User : U001 successfully logged in to the system
ERROR   2017-11-04 11:11:50,674 [AWT-EventQueue-0] Util.DBConnection  - Connected to the database
ERROR   2017-11-04 11:11:54,004 [AWT-EventQueue-0] Util.DBConnection  - Connected to the database
INFO    2017-11-04 11:11:54,014 [AWT-EventQueue-0] View.MemberMain  - Data retrieved from the table row
ERROR   2017-11-04 11:11:55,746 [AWT-EventQueue-0] Util.DBConnection  - Connected to the database
INFO    2017-11-04 11:11:58,772 [AWT-EventQueue-0] View.MemberMain  - Book request R010 added to the database
INFO    2017-11-04 11:13:16,948 [AWT-EventQueue-0] View.MemberMain  - ------User U001 logged out from the system------
INFO    2017-11-04 11:13:39,244 [AWT-EventQueue-0] Util.DBConnection  - ------Initializing database connection------
INFO    2017-11-04 11:13:39,692 [AWT-EventQueue-0] View.SystemLogin  - User : U001 successfully logged in to the system
INFO    2017-11-04 11:13:42,492 [AWT-EventQueue-0] Util.DBConnection  - Connected to the database
INFO    2017-11-04 11:13:43,600 [AWT-EventQueue-0] Util.DBConnection  - Connected to the database
INFO    2017-11-04 11:13:43,608 [AWT-EventQueue-0] View.MemberMain  - Data retrieved from the table row
INFO    2017-11-04 11:13:45,393 [AWT-EventQueue-0] Util.DBConnection  - Connected to the database
INFO    2017-11-04 11:13:47,479 [AWT-EventQueue-0] View.MemberMain  - Book request R011 added to the database
INFO    2017-11-04 11:13:55,567 [AWT-EventQueue-0] Util.DBConnection  - Connected to the database
INFO    2017-11-04 11:14:02,223 [AWT-EventQueue-0] Util.DBConnection  - Connected to the database
INFO    2017-11-04 11:14:03,921 [AWT-EventQueue-0] Util.DBConnection  - Connected to the database
INFO    2017-11-04 11:14:03,925 [AWT-EventQueue-0] View.MemberMain  - Book request R009 canceled/deleted by user U001
INFO    2017-11-04 11:14:10,263 [AWT-EventQueue-0] Util.DBConnection  - Connected to the database
INFO    2017-11-04 11:14:14,960 [AWT-EventQueue-0] Util.DBConnection  - Connected to the database
INFO    2017-11-04 11:14:16,297 [AWT-EventQueue-0] Util.DBConnection  - Connected to the database
INFO    2017-11-04 11:14:35,917 [AWT-EventQueue-0] Util.DBConnection  - Connected to the database
INFO    2017-11-04 11:14:37,578 [AWT-EventQueue-0] Util.DBConnection  - Connected to the database
INFO    2017-11-04 11:14:37,589 [AWT-EventQueue-0] View.MemberMain  - Feedback successfully added to the database by user: U001
INFO    2017-11-04 11:14:42,988 [AWT-EventQueue-0] Util.DBConnection  - Connected to the database
INFO    2017-11-04 11:14:44,438 [AWT-EventQueue-0] Util.DBConnection  - Connected to the database
INFO    2017-11-04 11:14:45,449 [AWT-EventQueue-0] Util.DBConnection  - Connected to the database
INFO    2017-11-04 11:14:48,609 [AWT-EventQueue-0] Util.DBConnection  - Connected to the database
INFO    2017-11-04 11:14:53,782 [AWT-EventQueue-0] Util.DBConnection  - Connected to the database
INFO    2017-11-04 11:14:53,784 [AWT-EventQueue-0] Util.DBConnection  - Connected to the database
INFO    2017-11-04 11:14:56,012 [AWT-EventQueue-0] Util.DBConnection  - Connected to the database
INFO    2017-11-04 11:15:30,101 [AWT-EventQueue-0] Util.DBConnection  - Connected to the database
INFO    2017-11-04 11:15:30,104 [AWT-EventQueue-0] Util.DBConnection  - Connected to the database
INFO    2017-11-04 11:15:30,882 [AWT-EventQueue-0] Util.DBConnection  - Connected to the database
INFO    2017-11-04 11:15:30,883 [AWT-EventQueue-0] Util.DBConnection  - Connected to the database
INFO    2017-11-04 11:15:38,014 [AWT-EventQueue-0] Util.DBConnection  - Connected to the database
INFO    2017-11-04 11:15:41,635 [AWT-EventQueue-0] Util.DBConnection  - Connected to the database
INFO    2017-11-04 11:15:48,486 [AWT-EventQueue-0] Util.DBConnection  - Connected to the database
INFO    2017-11-04 11:15:49,135 [AWT-EventQueue-0] View.MemberMain  - User details successfully updated to the database by user: U001
INFO    2017-11-04 11:16:01,463 [AWT-EventQueue-0] Util.DBConnection  - Connected to the database
INFO    2017-11-04 11:17:37,565 [AWT-EventQueue-0] Util.DBConnection  - Connected to the database
INFO    2017-11-04 11:17:45,426 [AWT-EventQueue-0] Util.DBConnection  - Connected to the database
INFO    2017-11-04 11:17:46,267 [AWT-EventQueue-0] Util.DBConnection  - Connected to the database
INFO    2017-11-04 11:17:47,977 [AWT-EventQueue-0] Util.DBConnection  - Connected to the database
INFO    2017-11-04 11:17:49,128 [AWT-EventQueue-0] Util.DBConnection  - Connected to the database
INFO    2017-11-04 11:19:56,245 [AWT-EventQueue-0] Util.DBConnection  - Connected to the database
INFO    2017-11-04 11:20:07,895 [AWT-EventQueue-0] Util.DBConnection  - Connected to the database
INFO    2017-11-04 11:20:13,449 [AWT-EventQueue-0] View.MemberMain  - ------User U001 logged out from the system------
INFO    2017-11-04 11:20:24,027 [AWT-EventQueue-0] Util.DBConnection  - Connected to the database
INFO    2017-11-04 11:20:25,083 [AWT-EventQueue-0] View.SystemLogin  - Invalid loggin attempt by user
INFO    2017-11-04 11:20:29,591 [AWT-EventQueue-0] Util.DBConnection  - Connected to the database
INFO    2017-11-04 11:20:30,774 [AWT-EventQueue-0] View.SystemLogin  - Invalid loggin attempt by user
INFO    2017-11-04 11:20:50,433 [AWT-EventQueue-0] Util.DBConnection  - Connected to the database
INFO    2017-11-04 11:20:50,520 [AWT-EventQueue-0] View.SystemLogin  - User : U001 successfully logged in to the system
INFO    2017-11-04 11:20:52,481 [AWT-EventQueue-0] Util.DBConnection  - Connected to the database
INFO    2017-11-04 11:21:03,395 [AWT-EventQueue-0] Util.DBConnection  - Connected to the database
INFO    2017-11-04 11:21:05,470 [AWT-EventQueue-0] Util.DBConnection  - Connected to the database
INFO    2017-11-04 11:21:06,709 [AWT-EventQueue-0] Util.DBConnection  - Connected to the database
INFO    2017-11-04 11:21:06,714 [AWT-EventQueue-0] Util.DBConnection  - Connected to the database
INFO    2017-11-04 11:21:08,317 [AWT-EventQueue-0] View.MemberMain  - Password successfully updated to the database by user: U001
INFO    2017-11-04 11:21:50,225 [AWT-EventQueue-0] View.MemberMain  - ------User U001 logged out from the system------
INFO    2017-11-09 12:01:37,684 [AWT-EventQueue-0] Util.DBConnection  - ------Initializing database connection------
INFO    2017-11-09 12:34:19,379 [AWT-EventQueue-0] Util.DBConnection  - ------Initializing database connection------
INFO    2017-11-09 12:34:20,783 [AWT-EventQueue-0] Util.Utility  - Fail to sent Email to the sameeradelpechithra@gmail.com
ERROR   2017-11-09 12:34:20,783 [AWT-EventQueue-0] Util.Utility  - javax.mail.SendFailedException: Sending failed;
  nested exception is: 
	javax.mail.MessagingException: 530 5.7.0 Must issue a STARTTLS command first. h186sm10609948pfe.66 - gsmtp

INFO    2017-11-09 12:34:20,783 [AWT-EventQueue-0] View.SystemLogin  - User : U001 successfully logged in to the system
INFO    2017-11-09 12:36:38,269 [AWT-EventQueue-0] Util.DBConnection  - ------Initializing database connection------
INFO    2017-11-09 12:36:39,611 [AWT-EventQueue-0] Util.Utility  - Fail to sent Email to the sameeradelpechithra@gmail.com
ERROR   2017-11-09 12:36:39,611 [AWT-EventQueue-0] Util.Utility  - javax.mail.SendFailedException: Sending failed;
  nested exception is: 
	javax.mail.MessagingException: 530 5.7.0 Must issue a STARTTLS command first. l1sm10058506pff.77 - gsmtp

INFO    2017-11-09 12:36:39,611 [AWT-EventQueue-0] View.SystemLogin  - User : U001 successfully logged in to the system
INFO    2017-11-09 12:40:19,456 [AWT-EventQueue-0] Util.DBConnection  - ------Initializing database connection------
INFO    2017-11-09 12:40:20,329 [AWT-EventQueue-0] Util.Utility  - Fail to sent Email to the sameeradelpechithra@gmail.com
ERROR   2017-11-09 12:40:20,345 [AWT-EventQueue-0] Util.Utility  - javax.mail.SendFailedException: Sending failed;
  nested exception is: 
	javax.mail.MessagingException: 530 5.7.0 Must issue a STARTTLS command first. s88sm12335781pfe.36 - gsmtp

INFO    2017-11-09 12:40:20,345 [AWT-EventQueue-0] View.SystemLogin  - User : U001 successfully logged in to the system
INFO    2017-11-09 12:43:15,731 [AWT-EventQueue-0] Util.DBConnection  - ------Initializing database connection------
INFO    2017-11-09 12:43:50,529 [AWT-EventQueue-0] Util.Utility  - Fail to sent Email to the sameeradelpechithra@gmail.com
ERROR   2017-11-09 12:43:55,858 [AWT-EventQueue-0] Util.Utility  - javax.mail.SendFailedException: Sending failed;
  nested exception is: 
	javax.mail.MessagingException: 530 5.7.0 Must issue a STARTTLS command first. t81sm11974047pfg.187 - gsmtp

INFO    2017-11-09 12:50:10,396 [AWT-EventQueue-0] Util.DBConnection  - ------Initializing database connection------
INFO    2017-11-09 12:50:12,691 [AWT-EventQueue-0] Util.Utility  - Fail to sent Email to the sameeradelpechithra@gmail.com
ERROR   2017-11-09 12:50:12,691 [AWT-EventQueue-0] Util.Utility  - javax.mail.SendFailedException: Sending failed;
  nested exception is: 
	javax.mail.MessagingException: 530 5.7.0 Must issue a STARTTLS command first. g13sm11295027pfm.130 - gsmtp

INFO    2017-11-09 12:50:12,691 [AWT-EventQueue-0] View.SystemLogin  - User : U001 successfully logged in to the system
INFO    2017-11-09 12:57:06,241 [AWT-EventQueue-0] View.MemberMain  - ------User U001 logged out from the system------
INFO    2017-11-09 13:02:04,523 [AWT-EventQueue-0] Util.DBConnection  - ------Initializing database connection------
INFO    2017-11-09 13:02:05,833 [AWT-EventQueue-0] View.SystemLogin  - User : U001 successfully logged in to the system
INFO    2017-11-09 13:02:39,968 [AWT-EventQueue-0] Util.DBConnection  - ------Initializing database connection------
INFO    2017-11-09 13:02:40,794 [AWT-EventQueue-0] View.SystemLogin  - User : U001 successfully logged in to the system
INFO    2017-11-09 13:06:07,683 [AWT-EventQueue-0] Util.DBConnection  - ------Initializing database connection------
INFO    2017-11-09 13:06:11,311 [AWT-EventQueue-0] Util.Utility  - Fail to sent Email to the sameeradelpechithra@gmail.com
ERROR   2017-11-09 13:06:11,311 [AWT-EventQueue-0] Util.Utility  - javax.mail.SendFailedException: Sending failed;
  nested exception is: 
	javax.mail.AuthenticationFailedException
INFO    2017-11-09 13:06:11,311 [AWT-EventQueue-0] View.SystemLogin  - User : U001 successfully logged in to the system
INFO    2017-11-09 13:08:08,076 [AWT-EventQueue-0] Util.DBConnection  - ------Initializing database connection------
INFO    2017-11-09 13:08:10,625 [AWT-EventQueue-0] Util.Utility  - Fail to sent Email to the sameeradelpechithra@gmail.com
ERROR   2017-11-09 13:08:10,625 [AWT-EventQueue-0] Util.Utility  - javax.mail.SendFailedException: Sending failed;
  nested exception is: 
	javax.mail.AuthenticationFailedException
INFO    2017-11-09 13:08:10,625 [AWT-EventQueue-0] View.SystemLogin  - User : U001 successfully logged in to the system
INFO    2017-11-09 13:14:53,209 [AWT-EventQueue-0] Util.DBConnection  - ------Initializing database connection------
INFO    2017-11-09 13:14:56,005 [AWT-EventQueue-0] Util.Utility  - Fail to sent Email to the sameeradelpechithra@gmail.com
ERROR   2017-11-09 13:14:56,005 [AWT-EventQueue-0] Util.Utility  - javax.mail.AuthenticationFailedException: 535-5.7.8 Username and Password not accepted. Learn more at
535 5.7.8  https://support.google.com/mail/?p=BadCredentials f11sm9189308pgp.48 - gsmtp

INFO    2017-11-09 13:14:56,005 [AWT-EventQueue-0] View.SystemLogin  - User : U001 successfully logged in to the system
INFO    2017-11-09 13:16:16,244 [AWT-EventQueue-0] Util.DBConnection  - ------Initializing database connection------
INFO    2017-11-09 13:16:21,118 [AWT-EventQueue-0] Util.Utility  - Email sent to the sameeradelpechithra@gmail.com Successfully
INFO    2017-11-09 13:16:21,118 [AWT-EventQueue-0] View.SystemLogin  - User : U001 successfully logged in to the system
INFO    2017-11-09 13:19:13,927 [AWT-EventQueue-0] Util.DBConnection  - ------Initializing database connection------
INFO    2017-11-09 13:19:17,932 [AWT-EventQueue-0] Util.Utility  - Email sent to the chamindu.cta@gmail.com Successfully
INFO    2017-11-09 13:19:17,932 [AWT-EventQueue-0] View.SystemLogin  - User : U002 successfully logged in to the system
INFO    2017-11-09 13:42:22,976 [AWT-EventQueue-0] Util.DBConnection  - ------Initializing database connection------
INFO    2017-11-09 13:42:23,147 [AWT-EventQueue-0] View.SystemLogin  - User : U001 successfully logged in to the system
INFO    2017-11-09 13:43:31,024 [AWT-EventQueue-0] Util.DBConnection  - ------Initializing database connection------
INFO    2017-11-09 13:43:31,180 [AWT-EventQueue-0] View.SystemLogin  - User : U001 successfully logged in to the system
INFO    2017-11-09 13:43:51,868 [AWT-EventQueue-0] Util.Utility  - Email sent to the sameeradelpechithra@gmail.com Successfully
INFO    2017-11-09 13:43:51,868 [AWT-EventQueue-0] View.MemberMain  - Password successfully updated to the database by user: U001
INFO    2017-11-09 13:44:35,151 [AWT-EventQueue-0] Util.Utility  - Email sent to the sameeradelpechithra@gmail.com Successfully
INFO    2017-11-09 13:44:35,151 [AWT-EventQueue-0] View.MemberMain  - Password successfully updated to the database by user: U001
INFO    2017-11-09 13:44:36,852 [AWT-EventQueue-0] View.MemberMain  - ------User U001 logged out from the system------
